<?xml version="1.0" encoding="UTF-8"?>
<!-- Generated by org.testng.reporters.JUnitReportReporter -->
<testsuite hostname="LAPTOP-MS8QUSSL" failures="0" tests="1" name="Test_cases.Draggable_page" time="13.708" errors="0" timestamp="2020-06-25T10:31:28 IST" skipped="0">
  <testcase classname="Test_cases.Draggable_page" name="Draggablepage" time="13.708"/>
  <system-out/>
</testsuite> <!-- Test_cases.Draggable_page -->
