<?xml version="1.0" encoding="UTF-8"?>
<!-- Generated by org.testng.reporters.JUnitReportReporter -->
<testsuite hostname="LAPTOP-MS8QUSSL" failures="0" tests="1" name="Test_cases.Calender_page" time="21.829" errors="0" timestamp="2020-06-23T17:20:48 IST" skipped="0">
  <testcase classname="Test_cases.Calender_page" name="Calenderpage" time="21.829"/>
  <system-out/>
</testsuite> <!-- Test_cases.Calender_page -->
