<?xml version="1.0" encoding="UTF-8"?>
<!-- Generated by org.testng.reporters.JUnitReportReporter -->
<testsuite hostname="LAPTOP-MS8QUSSL" failures="0" tests="1" name="Test_cases.WaitToAppear_page" time="18.025" errors="0" timestamp="2020-06-28T12:08:00 IST" skipped="0">
  <testcase classname="Test_cases.WaitToAppear_page" name="WaitToAppearpage" time="18.025"/>
  <system-out/>
</testsuite> <!-- Test_cases.WaitToAppear_page -->
