<?xml version="1.0" encoding="UTF-8"?>
<!-- Generated by org.testng.reporters.JUnitReportReporter -->
<testsuite hostname="LAPTOP-MS8QUSSL" failures="0" tests="1" name="Test_cases.NewTest" time="16.813" errors="0" timestamp="2020-06-21T16:17:58 IST" skipped="0">
  <testcase classname="Test_cases.NewTest" name="f" time="16.813"/>
  <system-out/>
</testsuite> <!-- Test_cases.NewTest -->
