<?xml version="1.0" encoding="UTF-8"?>
<!-- Generated by org.testng.reporters.JUnitReportReporter -->
<testsuite hostname="LAPTOP-MS8QUSSL" failures="0" tests="1" name="Test_cases.Checkbox_page" time="17.697" errors="0" timestamp="2020-06-22T13:05:54 IST" skipped="0">
  <testcase classname="Test_cases.Checkbox_page" name="Checkboxpage" time="17.697"/>
  <system-out/>
</testsuite> <!-- Test_cases.Checkbox_page -->
