<?xml version="1.0" encoding="UTF-8"?>
<!-- Generated by org.testng.reporters.JUnitReportReporter -->
<testsuite hostname="LAPTOP-MS8QUSSL" failures="0" tests="1" name="Test_cases.Droppable_page" time="13.464" errors="0" timestamp="2020-06-25T10:52:05 IST" skipped="0">
  <testcase classname="Test_cases.Droppable_page" name="Droppablepage" time="13.464"/>
  <system-out/>
</testsuite> <!-- Test_cases.Droppable_page -->
