<?xml version="1.0" encoding="UTF-8"?>
<!-- Generated by org.testng.reporters.JUnitReportReporter -->
<testsuite hostname="LAPTOP-MS8QUSSL" failures="0" tests="1" name="Test_cases.Window_page" time="26.504" errors="0" timestamp="2020-06-23T16:03:49 IST" skipped="0">
  <testcase classname="Test_cases.Window_page" name="Windowpage" time="26.504"/>
  <system-out/>
</testsuite> <!-- Test_cases.Window_page -->
