<?xml version="1.0" encoding="UTF-8"?>
<!-- Generated by org.testng.reporters.JUnitReportReporter -->
<testsuite hostname="LAPTOP-MS8QUSSL" failures="0" tests="1" name="Test_cases.Autocomplete_page" time="15.242" errors="0" timestamp="2020-06-25T20:08:45 IST" skipped="0">
  <testcase classname="Test_cases.Autocomplete_page" name="Autocompletepage" time="15.242"/>
  <system-out/>
</testsuite> <!-- Test_cases.Autocomplete_page -->
