<?xml version="1.0" encoding="UTF-8"?>
<!-- Generated by org.testng.reporters.JUnitReportReporter -->
<testsuite hostname="LAPTOP-MS8QUSSL" failures="0" tests="1" name="Test_cases.Download_page" time="67.551" errors="0" timestamp="2020-06-27T14:55:44 IST" skipped="0">
  <testcase classname="Test_cases.Download_page" name="Downloadpage" time="67.551"/>
  <system-out/>
</testsuite> <!-- Test_cases.Download_page -->
