<?xml version="1.0" encoding="UTF-8"?>
<!-- Generated by org.testng.reporters.JUnitReportReporter -->
<testsuite hostname="LAPTOP-MS8QUSSL" failures="0" tests="1" name="Test_cases.UploadFile_page" time="34.012" errors="0" timestamp="2020-06-27T16:00:46 IST" skipped="0">
  <testcase classname="Test_cases.UploadFile_page" name="UploadFilepage" time="34.012"/>
  <system-out/>
</testsuite> <!-- Test_cases.UploadFile_page -->
