<?xml version="1.0" encoding="UTF-8"?>
<!-- Generated by org.testng.reporters.JUnitReportReporter -->
<testsuite hostname="LAPTOP-MS8QUSSL" failures="0" tests="1" name="Test_cases.Alert_Page" time="16.518" errors="0" timestamp="2020-06-23T14:56:49 IST" skipped="0">
  <testcase classname="Test_cases.Alert_Page" name="Alertpage" time="16.518"/>
  <system-out/>
</testsuite> <!-- Test_cases.Alert_Page -->
