<?xml version="1.0" encoding="UTF-8"?>
<!-- Generated by org.testng.reporters.JUnitReportReporter -->
<testsuite hostname="LAPTOP-MS8QUSSL" failures="0" tests="1" name="Test_cases.Sortable_page" time="12.387" errors="0" timestamp="2020-06-25T19:59:06 IST" skipped="0">
  <testcase classname="Test_cases.Sortable_page" name="Sortablepage" time="12.387"/>
  <system-out/>
</testsuite> <!-- Test_cases.Sortable_page -->
