<?xml version="1.0" encoding="UTF-8"?>
<!-- Generated by org.testng.reporters.JUnitReportReporter -->
<testsuite hostname="LAPTOP-MS8QUSSL" failures="0" tests="1" name="Test_cases.ToolTip_page" time="17.405" errors="0" timestamp="2020-06-27T16:22:05 IST" skipped="0">
  <testcase classname="Test_cases.ToolTip_page" name="ToolTippage" time="17.405"/>
  <system-out/>
</testsuite> <!-- Test_cases.ToolTip_page -->
