<?xml version="1.0" encoding="UTF-8"?>
<!-- Generated by org.testng.reporters.JUnitReportReporter -->
<testsuite hostname="LAPTOP-MS8QUSSL" failures="0" tests="1" name="Test_cases.Frames_page" time="15.674" errors="0" timestamp="2020-06-23T15:16:09 IST" skipped="0">
  <testcase classname="Test_cases.Frames_page" name="Framespage" time="15.674"/>
  <system-out/>
</testsuite> <!-- Test_cases.Frames_page -->
