<?xml version="1.0" encoding="UTF-8"?>
<!-- Generated by org.testng.reporters.JUnitReportReporter -->
<testsuite hostname="LAPTOP-MS8QUSSL" failures="0" tests="1" name="Test_cases.dropdown_page" time="12.063" errors="0" timestamp="2020-06-21T22:04:53 IST" skipped="0">
  <testcase classname="Test_cases.dropdown_page" name="dropdownpage" time="12.063"/>
  <system-out/>
</testsuite> <!-- Test_cases.dropdown_page -->
