<?xml version="1.0" encoding="UTF-8"?>
<!-- Generated by org.testng.reporters.JUnitReportReporter -->
<testsuite hostname="LAPTOP-MS8QUSSL" failures="0" tests="1" name="Test_cases.Radiobutton_page" time="10.909" errors="0" timestamp="2020-06-21T22:23:43 IST" skipped="0">
  <testcase classname="Test_cases.Radiobutton_page" name="Radiobuttonpage" time="10.909"/>
  <system-out/>
</testsuite> <!-- Test_cases.Radiobutton_page -->
