<?xml version="1.0" encoding="UTF-8"?>
<!-- Generated by org.testng.reporters.JUnitReportReporter -->
<testsuite hostname="LAPTOP-MS8QUSSL" failures="0" tests="1" name="Test_cases.WaitToDisaapear_page" time="19.039" errors="0" timestamp="2020-06-28T11:57:35 IST" skipped="0">
  <testcase classname="Test_cases.WaitToDisaapear_page" name="WaitToDisaapearpage" time="19.039"/>
  <system-out/>
</testsuite> <!-- Test_cases.WaitToDisaapear_page -->
