<?xml version="1.0" encoding="UTF-8"?>
<!-- Generated by org.testng.reporters.JUnitReportReporter -->
<testsuite hostname="LAPTOP-MS8QUSSL" failures="0" tests="1" name="Test_cases.edit_Page" time="20.114" errors="0" timestamp="2020-06-21T17:39:44 IST" skipped="0">
  <testcase classname="Test_cases.edit_Page" name="EditPage" time="20.114"/>
  <system-out/>
</testsuite> <!-- Test_cases.edit_Page -->
