<?xml version="1.0" encoding="UTF-8"?>
<!-- Generated by org.testng.reporters.JUnitReportReporter -->
<testsuite hostname="LAPTOP-MS8QUSSL" failures="0" tests="1" name="Test_cases.Table_page" time="25.068" errors="0" timestamp="2020-06-22T21:27:30 IST" skipped="0">
  <testcase classname="Test_cases.Table_page" name="Tablepage" time="25.068"/>
  <system-out/>
</testsuite> <!-- Test_cases.Table_page -->
