<?xml version="1.0" encoding="UTF-8"?>
<!-- Generated by org.testng.reporters.JUnitReportReporter -->
<testsuite hostname="LAPTOP-MS8QUSSL" failures="0" tests="2" name="Test_cases.button_page" time="27.507" errors="0" timestamp="2020-06-21T19:28:15 IST" skipped="0">
  <testcase classname="Test_cases.button_page" name="ButtonPage" time="18.102"/>
  <system-out/>
  <testcase classname="Test_cases.button_page" name="locators" time="9.405"/>
  <system-out/>
</testsuite> <!-- Test_cases.button_page -->
