<?xml version="1.0" encoding="UTF-8"?>
<!-- Generated by org.testng.reporters.JUnitReportReporter -->
<testsuite hostname="LAPTOP-MS8QUSSL" failures="0" tests="1" name="Test_cases.WaitForTextTochange_page" time="16.009" errors="0" timestamp="2020-06-28T12:19:18 IST" skipped="0">
  <testcase classname="Test_cases.WaitForTextTochange_page" name="WaitForTextTochangepage" time="16.009"/>
  <system-out/>
</testsuite> <!-- Test_cases.WaitForTextTochange_page -->
