<?xml version="1.0" encoding="UTF-8"?>
<!-- Generated by org.testng.reporters.JUnitReportReporter -->
<testsuite hostname="LAPTOP-MS8QUSSL" failures="0" tests="1" name="Test_cases.Selectable_page" time="16.755" errors="0" timestamp="2020-06-25T19:40:29 IST" skipped="0">
  <testcase classname="Test_cases.Selectable_page" name="Selectablepage" time="16.755"/>
  <system-out/>
</testsuite> <!-- Test_cases.Selectable_page -->
