<?xml version="1.0" encoding="UTF-8"?>
<!-- Generated by org.testng.reporters.JUnitReportReporter -->
<testsuite hostname="LAPTOP-MS8QUSSL" failures="0" tests="1" name="Test_cases.AdvancedWebTable_page" time="17.249" errors="0" timestamp="2020-06-28T13:15:32 IST" skipped="0">
  <testcase classname="Test_cases.AdvancedWebTable_page" name="AdvancedWebTablepage" time="17.249"/>
  <system-out/>
</testsuite> <!-- Test_cases.AdvancedWebTable_page -->
