<?xml version="1.0" encoding="UTF-8"?>
<!-- Generated by org.testng.reporters.JUnitReportReporter -->
<testsuite hostname="LAPTOP-MS8QUSSL" failures="0" tests="1" name="Test_cases.Image_Page" time="18.020" errors="0" timestamp="2020-06-21T20:22:28 IST" skipped="0">
  <testcase classname="Test_cases.Image_Page" name="ImagePage" time="18.020"/>
  <system-out/>
</testsuite> <!-- Test_cases.Image_Page -->
