<?xml version="1.0" encoding="UTF-8"?>
<!-- Generated by org.testng.reporters.JUnitReportReporter -->
<testsuite hostname="LAPTOP-MS8QUSSL" failures="0" tests="1" name="Test_cases.Mousehover_page" time="17.900" errors="0" timestamp="2020-06-28T12:53:38 IST" skipped="0">
  <testcase classname="Test_cases.Mousehover_page" name="Mousehoverpage" time="17.900"/>
  <system-out/>
</testsuite> <!-- Test_cases.Mousehover_page -->
